# JRE version: OpenJDK Runtime Environment (8.0_131-b11) (build 1.8.0_131-8u131-b11-0ubuntu1.16.04.2-b11)
# Java VM: OpenJDK 64-Bit Server VM (25.131-b11 mixed mode linux-amd64 compressed oops)
Heap:
 PSYoungGen      total 132096K, used 5104K [0x00000000eab00000, 0x00000000f3100000, 0x0000000100000000)
  eden space 126976K, 0% used [0x00000000eab00000,0x00000000eab00000,0x00000000f2700000)
  from space 5120K, 99% used [0x00000000f2700000,0x00000000f2bfc010,0x00000000f2c00000)
  to   space 5120K, 0% used [0x00000000f2c00000,0x00000000f2c00000,0x00000000f3100000)
 ParOldGen       total 51200K, used 14176K [0x00000000c0000000, 0x00000000c3200000, 0x00000000eab00000)
  object space 51200K, 27% used [0x00000000c0000000,0x00000000c0dd8310,0x00000000c3200000)
 Metaspace       used 29120K, capacity 29608K, committed 29824K, reserved 1075200K
  class space    used 4063K, capacity 4206K, committed 4224K, reserved 1048576K
GC Heap History (10 events):
Event: 1.520 GC heap after
Heap after GC invocations=1 (full 0):
 PSYoungGen      total 36864K, used 4072K [0x00000000eab00000, 0x00000000ef300000, 0x0000000100000000)
  eden space 31744K, 0% used [0x00000000eab00000,0x00000000eab00000,0x00000000eca00000)
  from space 5120K, 79% used [0x00000000eca00000,0x00000000ecdfa310,0x00000000ecf00000)
  to   space 5120K, 0% used [0x00000000eee00000,0x00000000eee00000,0x00000000ef300000)
 ParOldGen       total 84992K, used 0K [0x00000000c0000000, 0x00000000c5300000, 0x00000000eab00000)
  object space 84992K, 0% used [0x00000000c0000000,0x00000000c0000000,0x00000000c5300000)
 Metaspace       used 6708K, capacity 6824K, committed 7040K, reserved 1056768K
  class space    used 831K, capacity 888K, committed 896K, reserved 1048576K
}
Event: 2.634 GC heap before
{Heap before GC invocations=2 (full 0):
 PSYoungGen      total 36864K, used 35816K [0x00000000eab00000, 0x00000000ef300000, 0x0000000100000000)
  eden space 31744K, 100% used [0x00000000eab00000,0x00000000eca00000,0x00000000eca00000)
  from space 5120K, 79% used [0x00000000eca00000,0x00000000ecdfa310,0x00000000ecf00000)
  to   space 5120K, 0% used [0x00000000eee00000,0x00000000eee00000,0x00000000ef300000)
 ParOldGen       total 84992K, used 0K [0x00000000c0000000, 0x00000000c5300000, 0x00000000eab00000)
  object space 84992K, 0% used [0x00000000c0000000,0x00000000c0000000,0x00000000c5300000)
 Metaspace       used 11359K, capacity 11682K, committed 11904K, reserved 1058816K
  class space    used 1500K, capacity 1607K, committed 1664K, reserved 1048576K
Event: 2.753 GC heap after
Heap after GC invocations=2 (full 0):
 PSYoungGen      total 68608K, used 5113K [0x00000000eab00000, 0x00000000ef300000, 0x0000000100000000)
  eden space 63488K, 0% used [0x00000000eab00000,0x00000000eab00000,0x00000000ee900000)
  from space 5120K, 99% used [0x00000000eee00000,0x00000000ef2fe5b0,0x00000000ef300000)
  to   space 5120K, 0% used [0x00000000ee900000,0x00000000ee900000,0x00000000eee00000)
 ParOldGen       total 84992K, used 226K [0x00000000c0000000, 0x00000000c5300000, 0x00000000eab00000)
  object space 84992K, 0% used [0x00000000c0000000,0x00000000c00389d8,0x00000000c5300000)
 Metaspace       used 11359K, capacity 11682K, committed 11904K, reserved 1058816K
  class space    used 1500K, capacity 1607K, committed 1664K, reserved 1048576K
}
Event: 5.364 GC heap before
{Heap before GC invocations=3 (full 0):
 PSYoungGen      total 68608K, used 68601K [0x00000000eab00000, 0x00000000ef300000, 0x0000000100000000)
  eden space 63488K, 100% used [0x00000000eab00000,0x00000000ee900000,0x00000000ee900000)
  from space 5120K, 99% used [0x00000000eee00000,0x00000000ef2fe5b0,0x00000000ef300000)
  to   space 5120K, 0% used [0x00000000ee900000,0x00000000ee900000,0x00000000eee00000)
 ParOldGen       total 84992K, used 226K [0x00000000c0000000, 0x00000000c5300000, 0x00000000eab00000)
  object space 84992K, 0% used [0x00000000c0000000,0x00000000c00389d8,0x00000000c5300000)
 Metaspace       used 19528K, capacity 19848K, committed 19968K, reserved 1067008K
  class space    used 2669K, capacity 2792K, committed 2816K, reserved 1048576K
Event: 5.528 GC heap after
Heap after GC invocations=3 (full 0):
 PSYoungGen      total 68608K, used 5104K [0x00000000eab00000, 0x00000000f3100000, 0x0000000100000000)
  eden space 63488K, 0% used [0x00000000eab00000,0x00000000eab00000,0x00000000ee900000)
  from space 5120K, 99% used [0x00000000ee900000,0x00000000eedfc060,0x00000000eee00000)
  to   space 5120K, 0% used [0x00000000f2c00000,0x00000000f2c00000,0x00000000f3100000)
 ParOldGen       total 84992K, used 6814K [0x00000000c0000000, 0x00000000c5300000, 0x00000000eab00000)
  object space 84992K, 8% used [0x00000000c0000000,0x00000000c06a7840,0x00000000c5300000)
 Metaspace       used 19528K, capacity 19848K, committed 19968K, reserved 1067008K
  class space    used 2669K, capacity 2792K, committed 2816K, reserved 1048576K
}
Event: 6.079 GC heap before
{Heap before GC invocations=4 (full 0):
 PSYoungGen      total 68608K, used 20263K [0x00000000eab00000, 0x00000000f3100000, 0x0000000100000000)
  eden space 63488K, 23% used [0x00000000eab00000,0x00000000eb9cde40,0x00000000ee900000)
  from space 5120K, 99% used [0x00000000ee900000,0x00000000eedfc060,0x00000000eee00000)
  to   space 5120K, 0% used [0x00000000f2c00000,0x00000000f2c00000,0x00000000f3100000)
 ParOldGen       total 84992K, used 6814K [0x00000000c0000000, 0x00000000c5300000, 0x00000000eab00000)
  object space 84992K, 8% used [0x00000000c0000000,0x00000000c06a7840,0x00000000c5300000)
 Metaspace       used 20810K, capacity 21160K, committed 21248K, reserved 1067008K
  class space    used 2891K, capacity 3016K, committed 3072K, reserved 1048576K
Event: 6.124 GC heap after
Heap after GC invocations=4 (full 0):
 PSYoungGen      total 132096K, used 5092K [0x00000000eab00000, 0x00000000f3100000, 0x0000000100000000)
  eden space 126976K, 0% used [0x00000000eab00000,0x00000000eab00000,0x00000000f2700000)
  from space 5120K, 99% used [0x00000000f2c00000,0x00000000f30f9060,0x00000000f3100000)
  to   space 5120K, 0% used [0x00000000f2700000,0x00000000f2700000,0x00000000f2c00000)
 ParOldGen       total 84992K, used 8427K [0x00000000c0000000, 0x00000000c5300000, 0x00000000eab00000)
  object space 84992K, 9% used [0x00000000c0000000,0x00000000c083ad18,0x00000000c5300000)
 Metaspace       used 20810K, capacity 21160K, committed 21248K, reserved 1067008K
  class space    used 2891K, capacity 3016K, committed 3072K, reserved 1048576K
}
Event: 6.124 GC heap before
{Heap before GC invocations=5 (full 1):
 PSYoungGen      total 132096K, used 5092K [0x00000000eab00000, 0x00000000f3100000, 0x0000000100000000)
  eden space 126976K, 0% used [0x00000000eab00000,0x00000000eab00000,0x00000000f2700000)
  from space 5120K, 99% used [0x00000000f2c00000,0x00000000f30f9060,0x00000000f3100000)
  to   space 5120K, 0% used [0x00000000f2700000,0x00000000f2700000,0x00000000f2c00000)
 ParOldGen       total 84992K, used 8427K [0x00000000c0000000, 0x00000000c5300000, 0x00000000eab00000)
  object space 84992K, 9% used [0x00000000c0000000,0x00000000c083ad18,0x00000000c5300000)
 Metaspace       used 20810K, capacity 21160K, committed 21248K, reserved 1067008K
  class space    used 2891K, capacity 3016K, committed 3072K, reserved 1048576K
Event: 6.213 GC heap after
Heap after GC invocations=5 (full 1):
 PSYoungGen      total 132096K, used 0K [0x00000000eab00000, 0x00000000f3100000, 0x0000000100000000)
  eden space 126976K, 0% used [0x00000000eab00000,0x00000000eab00000,0x00000000f2700000)
  from space 5120K, 0% used [0x00000000f2c00000,0x00000000f2c00000,0x00000000f3100000)
  to   space 5120K, 0% used [0x00000000f2700000,0x00000000f2700000,0x00000000f2c00000)
 ParOldGen       total 51200K, used 7708K [0x00000000c0000000, 0x00000000c3200000, 0x00000000eab00000)
  object space 51200K, 15% used [0x00000000c0000000,0x00000000c07870b0,0x00000000c3200000)
 Metaspace       used 20810K, capacity 21160K, committed 21248K, reserved 1067008K
  class space    used 2891K, capacity 3016K, committed 3072K, reserved 1048576K
}
Event: 13.321 GC heap before
{Heap before GC invocations=6 (full 1):
 PSYoungGen      total 132096K, used 126976K [0x00000000eab00000, 0x00000000f3100000, 0x0000000100000000)
  eden space 126976K, 100% used [0x00000000eab00000,0x00000000f2700000,0x00000000f2700000)
  from space 5120K, 0% used [0x00000000f2c00000,0x00000000f2c00000,0x00000000f3100000)
  to   space 5120K, 0% used [0x00000000f2700000,0x00000000f2700000,0x00000000f2c00000)
 ParOldGen       total 51200K, used 7708K [0x00000000c0000000, 0x00000000c3200000, 0x00000000eab00000)
  object space 51200K, 15% used [0x00000000c0000000,0x00000000c07870b0,0x00000000c3200000)
 Metaspace       used 29120K, capacity 29608K, committed 29824K, reserved 1075200K
  class space    used 4063K, capacity 4206K, committed 4224K, reserved 1048576K

